[  +15 ms] executing: sysctl hw.optional.arm64
[   +6 ms] Exit code 0 from: sysctl hw.optional.arm64
[        ] hw.optional.arm64: 1
[  +20 ms] executing: sw_vers -productName
[   +8 ms] Exit code 0 from: sw_vers -productName
[        ] macOS
[        ] executing: sw_vers -productVersion
[   +7 ms] Exit code 0 from: sw_vers -productVersion
[        ] 15.6
[        ] executing: sw_vers -buildVersion
[   +7 ms] Exit code 0 from: sw_vers -buildVersion
[        ] 24G84
[        ] executing: uname -m
[   +3 ms] Exit code 0 from: uname -m
[        ] arm64
[  +21 ms] executing: sysctl hw.optional.arm64
[   +4 ms] Exit code 0 from: sysctl hw.optional.arm64
[        ] hw.optional.arm64: 1
[        ] executing: /usr/bin/arch -arm64e xcrun xcodebuild -version
[   +8 ms] Exit code 72 from: /usr/bin/arch -arm64e xcrun xcodebuild -version
[        ] xcrun: error: unable to find utility "xcodebuild", not a developer tool or in PATH
[        ] Xcode not found. Run 'flutter doctor' for more information.
[   +3 ms] Artifact Instance of 'AndroidGenSnapshotArtifacts' is not required, skipping update.
[        ] Artifact Instance of 'AndroidInternalBuildArtifacts' is not required, skipping update.
[        ] Artifact Instance of 'IOSEngineArtifacts' is not required, skipping update.
[        ] Artifact Instance of 'FlutterWebSdk' is not required, skipping update.
[        ] Artifact Instance of 'LegacyCanvasKitRemover' is not required, skipping update.
[        ] Artifact Instance of 'WindowsEngineArtifacts' is not required, skipping update.
[        ] Artifact Instance of 'MacOSEngineArtifacts' is not required, skipping update.
[        ] Artifact Instance of 'LinuxEngineArtifacts' is not required, skipping update.
[        ] Artifact Instance of 'LinuxFuchsiaSDKArtifacts' is not required, skipping update.
[        ] Artifact Instance of 'MacOSFuchsiaSDKArtifacts' is not required, skipping update.
[        ] Artifact Instance of 'FlutterRunnerSDKArtifacts' is not required, skipping update.
[        ] Artifact Instance of 'FlutterRunnerDebugSymbols' is not required, skipping update.
[  +23 ms] executing: /Users/pchu/Library/Android/sdk/platform-tools/adb devices -l
[        ] executing: /usr/bin/arch -arm64e xcrun xcodebuild -version
[   +7 ms] Exit code 72 from: /usr/bin/arch -arm64e xcrun xcodebuild -version
[        ] xcrun: error: unable to find utility "xcodebuild", not a developer tool or in PATH
[   +1 ms] executing: /usr/bin/arch -arm64e xcrun simctl list devices booted
[   +8 ms] Exit code 72 from: /usr/bin/arch -arm64e xcrun simctl list devices booted
[        ] xcrun: error: unable to find utility "simctl", not a developer tool or in PATH
[  +13 ms] List of devices attached
           c77e73dd               device usb:1-1 product:onyx model:25053RT47C device:onyx transport_id:3
[   +2 ms] /Users/pchu/Library/Android/sdk/platform-tools/adb -s c77e73dd shell getprop
[ +100 ms] Artifact Instance of 'AndroidInternalBuildArtifacts' is not required, skipping update.
[        ] Artifact Instance of 'IOSEngineArtifacts' is not required, skipping update.
[        ] Artifact Instance of 'FlutterWebSdk' is not required, skipping update.
[        ] Artifact Instance of 'LegacyCanvasKitRemover' is not required, skipping update.
[        ] Artifact Instance of 'WindowsEngineArtifacts' is not required, skipping update.
[        ] Artifact Instance of 'MacOSEngineArtifacts' is not required, skipping update.
[        ] Artifact Instance of 'LinuxEngineArtifacts' is not required, skipping update.
[        ] Artifact Instance of 'LinuxFuchsiaSDKArtifacts' is not required, skipping update.
[        ] Artifact Instance of 'MacOSFuchsiaSDKArtifacts' is not required, skipping update.
[        ] Artifact Instance of 'FlutterRunnerSDKArtifacts' is not required, skipping update.
[        ] Artifact Instance of 'FlutterRunnerDebugSymbols' is not required, skipping update.
[  +10 ms] "flutter run" took 198ms.
[  +36 ms] Error: No pubspec.yaml file found.
           This command should be run from the root of your Flutter project.
[        ] 
           #0      throwToolExit (package:flutter_tools/src/base/common.dart:34:3)
           #1      FlutterCommand.validateCommand (package:flutter_tools/src/runner/flutter_command.dart:2009:9)
           #2      RunCommand.validateCommand (package:flutter_tools/src/commands/run.dart:680:19)
           #3      FlutterCommand.verifyThenRunCommand (package:flutter_tools/src/runner/flutter_command.dart:1869:11)
           <asynchronous suspension>
           #4      FlutterCommand.run.<anonymous closure> (package:flutter_tools/src/runner/flutter_command.dart:1558:27)
           <asynchronous suspension>
           #5      AppContext.run.<anonymous closure> (package:flutter_tools/src/base/context.dart:154:19)
           <asynchronous suspension>
           #6      CommandRunner.runCommand (package:args/command_runner.dart:212:13)
           <asynchronous suspension>
           #7      FlutterCommandRunner.runCommand.<anonymous closure> (package:flutter_tools/src/runner/flutter_command_runner.dart:496:9)
           <asynchronous suspension>
           #8      AppContext.run.<anonymous closure> (package:flutter_tools/src/base/context.dart:154:19)
           <asynchronous suspension>
           #9      FlutterCommandRunner.runCommand (package:flutter_tools/src/runner/flutter_command_runner.dart:431:5)
           <asynchronous suspension>
           #10     run.<anonymous closure>.<anonymous closure> (package:flutter_tools/runner.dart:98:11)
           <asynchronous suspension>
           #11     AppContext.run.<anonymous closure> (package:flutter_tools/src/base/context.dart:154:19)
           <asynchronous suspension>
           #12     main (package:flutter_tools/executable.dart:99:3)
           <asynchronous suspension>


[        ] Running 2 shutdown hooks
[   +2 ms] Shutdown hooks complete
[ +256 ms] exiting with code 1
